\BOOKMARK [1][-]{section.1}{\376\377\000I\000n\000t\000r\000o\000d\000u\000c\000t\000i\000o\000n}{}% 1
\BOOKMARK [2][-]{subsection.1.1}{\376\377\000N\000o\000t\000a\000b\000l\000e\000\040\000E\000v\000e\000n\000t\000s}{section.1}% 2
\BOOKMARK [3][-]{subsubsection.1.1.1}{\376\377\000S\000T\000R\000A\000T\000U\000S\000\040\0001\0009\000\040\000M\000o\000o\000r\000i\000n\000g\000\040\000F\000a\000i\000l\000u\000r\000e}{subsection.1.1}% 3
\BOOKMARK [2][-]{subsection.1.2}{\376\377\000D\000e\000p\000l\000o\000y\000m\000e\000n\000t\000\040\000S\000u\000m\000m\000a\000r\000y}{section.1}% 4
\BOOKMARK [1][-]{section.2}{\376\377\000P\000r\000e\000-\000P\000r\000o\000c\000e\000s\000s\000i\000n\000g}{}% 5
\BOOKMARK [2][-]{subsection.2.1}{\376\377\000D\000a\000t\000a\000\040\000L\000o\000a\000d\000i\000n\000g\000\040\000a\000n\000d\000\040\000I\000n\000i\000t\000i\000a\000l\000\040\000P\000r\000o\000c\000e\000s\000s\000i\000n\000g}{section.2}% 6
\BOOKMARK [2][-]{subsection.2.2}{\376\377\000T\000i\000m\000e\000\040\000C\000o\000r\000r\000e\000c\000t\000i\000o\000n}{section.2}% 7
\BOOKMARK [1][-]{section.3}{\376\377\000T\000r\000u\000n\000c\000a\000t\000i\000o\000n\000\040\000a\000n\000d\000\040\000V\000i\000s\000u\000a\000l\000i\000z\000a\000t\000i\000o\000n}{}% 8
\BOOKMARK [2][-]{subsection.3.1}{\376\377\000D\000a\000t\000a\000\040\000T\000r\000u\000n\000c\000a\000t\000i\000o\000n}{section.3}% 9
\BOOKMARK [2][-]{subsection.3.2}{\376\377\000R\000e\000-\000c\000a\000l\000c\000u\000l\000a\000t\000e\000\040\000S\000a\000l\000i\000n\000i\000t\000y}{section.3}% 10
\BOOKMARK [2][-]{subsection.3.3}{\376\377\000D\000a\000t\000a\000\040\000E\000x\000p\000o\000r\000t}{section.3}% 11
\BOOKMARK [1][-]{section.4}{\376\377\000Q\000u\000a\000l\000i\000t\000y\000\040\000C\000o\000n\000t\000r\000o\000l\000\040\000a\000n\000d\000\040\000D\000e\000p\000l\000o\000y\000m\000e\000n\000t\000\040\000C\000a\000t\000a\000l\000o\000g}{}% 12
\BOOKMARK [2][-]{subsection.4.1}{\376\377\000S\000p\000i\000k\000e\000\040\000R\000e\000m\000o\000v\000a\000l}{section.4}% 13
\BOOKMARK [2][-]{subsection.4.2}{\376\377\000D\000i\000f\000f\000e\000r\000e\000n\000c\000e\000\040\000S\000t\000a\000t\000i\000s\000t\000i\000c\000s}{section.4}% 14
\BOOKMARK [2][-]{subsection.4.3}{\376\377\000H\000u\000m\000a\000n\000\040\000i\000n\000\040\000t\000h\000e\000\040\000L\000o\000o\000p\000\040\000\050\000H\000I\000T\000L\000\051\000\040\000Q\000u\000a\000l\000i\000t\000y\000\040\000C\000o\000n\000t\000r\000o\000l}{section.4}% 15
\BOOKMARK [2][-]{subsection.4.4}{\376\377\000D\000a\000t\000a\000\040\000E\000x\000p\000o\000r\000t}{section.4}% 16
\BOOKMARK [1][-]{section.5}{\376\377\000M\000e\000r\000g\000e\000d\000\040\000D\000a\000t\000a\000\040\000S\000e\000t}{}% 17
\BOOKMARK [2][-]{subsection.5.1}{\376\377\000M\000e\000t\000a\000d\000a\000t\000a\000\040\000a\000n\000d\000\040\000S\000e\000l\000e\000c\000t\000i\000o\000n\000\040\000S\000t\000r\000a\000t\000e\000g\000y}{section.5}% 18
\BOOKMARK [2][-]{subsection.5.2}{\376\377\000O\000v\000e\000r\000l\000a\000p\000\040\000A\000n\000a\000l\000y\000s\000i\000s}{section.5}% 19
\BOOKMARK [1][-]{section.6}{\376\377\000D\000o\000c\000u\000m\000e\000n\000t\000a\000t\000i\000o\000n\000\040\000a\000n\000d\000\040\000A\000r\000c\000h\000i\000v\000i\000n\000g}{}% 20
\BOOKMARK [1][-]{section.7}{\376\377\000C\000o\000n\000c\000l\000u\000s\000i\000o\000n}{}% 21
